Determining if the pthread_create exist failed with the following output:
Change Dir: /home/dyan/data/dyan/Intern/backgroundsub/ground_based_rgbd_people_detection/CMakeFiles/CMakeTmp

Run Build Command:"/usr/bin/make" "cmTC_2cc76/fast"
/usr/bin/make -f CMakeFiles/cmTC_2cc76.dir/build.make CMakeFiles/cmTC_2cc76.dir/build
make[1]: Entering directory '/home/dyan/data/dyan/Intern/backgroundsub/ground_based_rgbd_people_detection/CMakeFiles/CMakeTmp'
Building C object CMakeFiles/cmTC_2cc76.dir/CheckSymbolExists.c.o
/usr/bin/cc    -o CMakeFiles/cmTC_2cc76.dir/CheckSymbolExists.c.o   -c /home/dyan/data/dyan/Intern/backgroundsub/ground_based_rgbd_people_detection/CMakeFiles/CMakeTmp/CheckSymbolExists.c
Linking C executable cmTC_2cc76
/usr/bin/cmake -E cmake_link_script CMakeFiles/cmTC_2cc76.dir/link.txt --verbose=1
/usr/bin/cc      -rdynamic CMakeFiles/cmTC_2cc76.dir/CheckSymbolExists.c.o  -o cmTC_2cc76 
CMakeFiles/cmTC_2cc76.dir/CheckSymbolExists.c.o: In function `main':
CheckSymbolExists.c:(.text+0x1b): undefined reference to `pthread_create'
collect2: error: ld returned 1 exit status
CMakeFiles/cmTC_2cc76.dir/build.make:97: recipe for target 'cmTC_2cc76' failed
make[1]: *** [cmTC_2cc76] Error 1
make[1]: Leaving directory '/home/dyan/data/dyan/Intern/backgroundsub/ground_based_rgbd_people_detection/CMakeFiles/CMakeTmp'
Makefile:126: recipe for target 'cmTC_2cc76/fast' failed
make: *** [cmTC_2cc76/fast] Error 2

File /home/dyan/data/dyan/Intern/backgroundsub/ground_based_rgbd_people_detection/CMakeFiles/CMakeTmp/CheckSymbolExists.c:
/* */
#include <pthread.h>

int main(int argc, char** argv)
{
  (void)argv;
#ifndef pthread_create
  return ((int*)(&pthread_create))[argc];
#else
  (void)argc;
  return 0;
#endif
}

Determining if the function pthread_create exists in the pthreads failed with the following output:
Change Dir: /home/dyan/data/dyan/Intern/backgroundsub/ground_based_rgbd_people_detection/CMakeFiles/CMakeTmp

Run Build Command:"/usr/bin/make" "cmTC_dd53e/fast"
/usr/bin/make -f CMakeFiles/cmTC_dd53e.dir/build.make CMakeFiles/cmTC_dd53e.dir/build
make[1]: Entering directory '/home/dyan/data/dyan/Intern/backgroundsub/ground_based_rgbd_people_detection/CMakeFiles/CMakeTmp'
Building C object CMakeFiles/cmTC_dd53e.dir/CheckFunctionExists.c.o
/usr/bin/cc   -DCHECK_FUNCTION_EXISTS=pthread_create   -o CMakeFiles/cmTC_dd53e.dir/CheckFunctionExists.c.o   -c /usr/share/cmake-3.10/Modules/CheckFunctionExists.c
Linking C executable cmTC_dd53e
/usr/bin/cmake -E cmake_link_script CMakeFiles/cmTC_dd53e.dir/link.txt --verbose=1
/usr/bin/cc  -DCHECK_FUNCTION_EXISTS=pthread_create    -rdynamic CMakeFiles/cmTC_dd53e.dir/CheckFunctionExists.c.o  -o cmTC_dd53e -lpthreads 
/usr/bin/ld: cannot find -lpthreads
collect2: error: ld returned 1 exit status
CMakeFiles/cmTC_dd53e.dir/build.make:97: recipe for target 'cmTC_dd53e' failed
make[1]: *** [cmTC_dd53e] Error 1
make[1]: Leaving directory '/home/dyan/data/dyan/Intern/backgroundsub/ground_based_rgbd_people_detection/CMakeFiles/CMakeTmp'
Makefile:126: recipe for target 'cmTC_dd53e/fast' failed
make: *** [cmTC_dd53e/fast] Error 2


