Determining if the pthread_create exist failed with the following output:
Change Dir: /home/dyan/data/dyan/Intern/backgroundsub/ground_based_rgbd_people_detection/build/CMakeFiles/CMakeTmp

Run Build Command:"/usr/bin/make" "cmTC_bb91f/fast"
/usr/bin/make -f CMakeFiles/cmTC_bb91f.dir/build.make CMakeFiles/cmTC_bb91f.dir/build
make[1]: Entering directory '/home/dyan/data/dyan/Intern/backgroundsub/ground_based_rgbd_people_detection/build/CMakeFiles/CMakeTmp'
Building C object CMakeFiles/cmTC_bb91f.dir/CheckSymbolExists.c.o
/usr/bin/cc    -o CMakeFiles/cmTC_bb91f.dir/CheckSymbolExists.c.o   -c /home/dyan/data/dyan/Intern/backgroundsub/ground_based_rgbd_people_detection/build/CMakeFiles/CMakeTmp/CheckSymbolExists.c
Linking C executable cmTC_bb91f
/usr/bin/cmake -E cmake_link_script CMakeFiles/cmTC_bb91f.dir/link.txt --verbose=1
/usr/bin/cc      -rdynamic CMakeFiles/cmTC_bb91f.dir/CheckSymbolExists.c.o  -o cmTC_bb91f 
CMakeFiles/cmTC_bb91f.dir/CheckSymbolExists.c.o: In function `main':
CheckSymbolExists.c:(.text+0x1b): undefined reference to `pthread_create'
collect2: error: ld returned 1 exit status
CMakeFiles/cmTC_bb91f.dir/build.make:97: recipe for target 'cmTC_bb91f' failed
make[1]: *** [cmTC_bb91f] Error 1
make[1]: Leaving directory '/home/dyan/data/dyan/Intern/backgroundsub/ground_based_rgbd_people_detection/build/CMakeFiles/CMakeTmp'
Makefile:126: recipe for target 'cmTC_bb91f/fast' failed
make: *** [cmTC_bb91f/fast] Error 2

File /home/dyan/data/dyan/Intern/backgroundsub/ground_based_rgbd_people_detection/build/CMakeFiles/CMakeTmp/CheckSymbolExists.c:
/* */
#include <pthread.h>

int main(int argc, char** argv)
{
  (void)argv;
#ifndef pthread_create
  return ((int*)(&pthread_create))[argc];
#else
  (void)argc;
  return 0;
#endif
}

Determining if the function pthread_create exists in the pthreads failed with the following output:
Change Dir: /home/dyan/data/dyan/Intern/backgroundsub/ground_based_rgbd_people_detection/build/CMakeFiles/CMakeTmp

Run Build Command:"/usr/bin/make" "cmTC_77f97/fast"
/usr/bin/make -f CMakeFiles/cmTC_77f97.dir/build.make CMakeFiles/cmTC_77f97.dir/build
make[1]: Entering directory '/home/dyan/data/dyan/Intern/backgroundsub/ground_based_rgbd_people_detection/build/CMakeFiles/CMakeTmp'
Building C object CMakeFiles/cmTC_77f97.dir/CheckFunctionExists.c.o
/usr/bin/cc   -DCHECK_FUNCTION_EXISTS=pthread_create   -o CMakeFiles/cmTC_77f97.dir/CheckFunctionExists.c.o   -c /usr/share/cmake-3.10/Modules/CheckFunctionExists.c
Linking C executable cmTC_77f97
/usr/bin/cmake -E cmake_link_script CMakeFiles/cmTC_77f97.dir/link.txt --verbose=1
/usr/bin/cc  -DCHECK_FUNCTION_EXISTS=pthread_create    -rdynamic CMakeFiles/cmTC_77f97.dir/CheckFunctionExists.c.o  -o cmTC_77f97 -lpthreads 
/usr/bin/ld: cannot find -lpthreads
collect2: error: ld returned 1 exit status
CMakeFiles/cmTC_77f97.dir/build.make:97: recipe for target 'cmTC_77f97' failed
make[1]: *** [cmTC_77f97] Error 1
make[1]: Leaving directory '/home/dyan/data/dyan/Intern/backgroundsub/ground_based_rgbd_people_detection/build/CMakeFiles/CMakeTmp'
Makefile:126: recipe for target 'cmTC_77f97/fast' failed
make: *** [cmTC_77f97/fast] Error 2


